0 info it worked if it ends with ok
1 verbose cli [ '/usr/local/bin/node',
1 verbose cli   '/usr/local/bin/npm',
1 verbose cli   'start',
1 verbose cli   'react-native' ]
2 info using npm@4.0.5
3 info using node@v4.5.0
4 verbose run-script [ 'prestart', 'start', 'poststart' ]
5 info lifecycle AstroScoop@0.0.1~prestart: AstroScoop@0.0.1
6 silly lifecycle AstroScoop@0.0.1~prestart: no script for prestart, continuing
7 info lifecycle AstroScoop@0.0.1~start: AstroScoop@0.0.1
8 verbose lifecycle AstroScoop@0.0.1~start: unsafe-perm in lifecycle true
9 verbose lifecycle AstroScoop@0.0.1~start: PATH: /usr/local/lib/node_modules/npm/bin/node-gyp-bin:/Users/parthjhaveri/Desktop/Astro-scoop-iOS/AstroScoop/node_modules/.bin:/usr/local/bin:/usr/bin:/bin:/usr/sbin:/sbin
10 verbose lifecycle AstroScoop@0.0.1~start: CWD: /Users/parthjhaveri/Desktop/Astro-scoop-iOS/AstroScoop
11 silly lifecycle AstroScoop@0.0.1~start: Args: [ '-c',
11 silly lifecycle   'node node_modules/react-native/local-cli/cli.js start "react-native"' ]
12 silly lifecycle AstroScoop@0.0.1~start: Returned: code: 11  signal: null
13 info lifecycle AstroScoop@0.0.1~start: Failed to exec start script
14 verbose stack Error: AstroScoop@0.0.1 start: `node node_modules/react-native/local-cli/cli.js start "react-native"`
14 verbose stack Exit status 11
14 verbose stack     at EventEmitter.<anonymous> (/usr/local/lib/node_modules/npm/lib/utils/lifecycle.js:279:16)
14 verbose stack     at emitTwo (events.js:87:13)
14 verbose stack     at EventEmitter.emit (events.js:172:7)
14 verbose stack     at ChildProcess.<anonymous> (/usr/local/lib/node_modules/npm/lib/utils/spawn.js:40:14)
14 verbose stack     at emitTwo (events.js:87:13)
14 verbose stack     at ChildProcess.emit (events.js:172:7)
14 verbose stack     at maybeClose (internal/child_process.js:829:16)
14 verbose stack     at Process.ChildProcess._handle.onexit (internal/child_process.js:211:5)
15 verbose pkgid AstroScoop@0.0.1
16 verbose cwd /Users/parthjhaveri/Desktop/Astro-scoop-iOS/AstroScoop
17 error Darwin 15.5.0
18 error argv "/usr/local/bin/node" "/usr/local/bin/npm" "start" "react-native"
19 error node v4.5.0
20 error npm  v4.0.5
21 error code ELIFECYCLE
22 error AstroScoop@0.0.1 start: `node node_modules/react-native/local-cli/cli.js start "react-native"`
22 error Exit status 11
23 error Failed at the AstroScoop@0.0.1 start script 'node node_modules/react-native/local-cli/cli.js start "react-native"'.
23 error Make sure you have the latest version of node.js and npm installed.
23 error If you do, this is most likely a problem with the AstroScoop package,
23 error not with npm itself.
23 error Tell the author that this fails on your system:
23 error     node node_modules/react-native/local-cli/cli.js start "react-native"
23 error You can get information on how to open an issue for this project with:
23 error     npm bugs AstroScoop
23 error Or if that isn't available, you can get their info via:
23 error     npm owner ls AstroScoop
23 error There is likely additional logging output above.
24 verbose exit [ 1, true ]
